#
# A fatal error has been detected by the Java Runtime Environment:
#
#  EXCEPTION_ACCESS_VIOLATION (0xc0000005) at pc=0x00000000611ba8aa, pid=6540, tid=0x0000000000001ef8
#
# JRE version: Java(TM) SE Runtime Environment (8.0_131-b11) (build 1.8.0_131-b11)
# Java VM: Java HotSpot(TM) 64-Bit Server VM (25.131-b11 mixed mode windows-amd64 compressed oops)
# Problematic frame:
# V  [jvm.dll+0x48a8aa]
#
# Failed to write core dump. Minidumps are not enabled by default on client versions of Windows
#
# If you would like to submit a bug report, please visit:
#   http://bugreport.java.com/bugreport/crash.jsp
#

---------------  T H R E A D  ---------------

Current thread (0x00000000565b2800):  JavaThread "C2 CompilerThread0" daemon [_thread_in_native, id=7928, stack(0x0000000056ce0000,0x0000000056de0000)]

siginfo: ExceptionCode=0xc0000005, reading address 0x0000000059e961d0

Registers:
RAX=0x00000000595ea170, RBX=0x000000005837f1e0, RCX=0x00000000612b1d20, RDX=0x000000000011580c
RSP=0x0000000056ddc020, RBP=0x0000000056ddc070, RSI=0x0000000000000003, RDI=0x0000000058380d30
R8 =0x0000000000000004, R9 =0x0000000056ddc3b0, R10=0x0000000000000000, R11=0x0000000058a08e90
R12=0x0000000058380d30, R13=0x0000000000000008, R14=0x00000000585b5b3f, R15=0x0000000056ddc3b0
RIP=0x00000000611ba8aa, EFLAGS=0x0000000000010202

Top of Stack: (sp=0x0000000056ddc020)
0x0000000056ddc020:   0000000054ffee80 0000000060dfe49a
0x0000000056ddc030:   0000000058a08db0 0000000000000020
0x0000000056ddc040:   0000000000000008 0000000054ffee80
0x0000000056ddc050:   0000000058a08e90 0000000000000003
0x0000000056ddc060:   000000005837f1e0 0000000000001df6
0x0000000056ddc070:   0000000058380e20 0000000056ddc3b0
0x0000000056ddc080:   0000000000000001 0000000057df6030
0x0000000056ddc090:   0000000056ddc139 00000000611baf1a
0x0000000056ddc0a0:   0000000057df6030 0000000000001df6
0x0000000056ddc0b0:   0000000058380e20 0000000056ddc3b0
0x0000000056ddc0c0:   0000000000000001 0000000054ffee80
0x0000000056ddc0d0:   0000000000000008 0000000058a08e50
0x0000000056ddc0e0:   0000000000000000 0000000000000000
0x0000000056ddc0f0:   0000000054ffee80 0000000000000008
0x0000000056ddc100:   0000000058a08e10 0000000000000000
0x0000000056ddc110:   0000000054ffee80 0000000000000004 

Instructions: (pc=0x00000000611ba8aa)
0x00000000611ba88a:   48 8b 47 20 48 8b 00 eb 02 33 c0 48 8b 40 08 41
0x00000000611ba89a:   8b f0 41 ff c0 4a 8b 0c 28 49 8b 47 68 8b 51 28
0x00000000611ba8aa:   4c 8b 24 d0 44 89 45 e8 3b 75 d0 72 0b 48 8d 4d
0x00000000611ba8ba:   d0 8b d6 e8 1e 8f fc ff 48 8b 45 e0 49 83 c5 08 


Register to memory mapping:

RAX=0x00000000595ea170 is an unknown value
RBX=0x000000005837f1e0 is an unknown value
RCX=0x00000000612b1d20 is an unknown value
RDX=0x000000000011580c is an unknown value
RSP=0x0000000056ddc020 is pointing into the stack for thread: 0x00000000565b2800
RBP=0x0000000056ddc070 is pointing into the stack for thread: 0x00000000565b2800
RSI=0x0000000000000003 is an unknown value
RDI=0x0000000058380d30 is an unknown value
R8 =0x0000000000000004 is an unknown value
R9 =0x0000000056ddc3b0 is pointing into the stack for thread: 0x00000000565b2800
R10=0x0000000000000000 is an unknown value
R11=0x0000000058a08e90 is an unknown value
R12=0x0000000058380d30 is an unknown value
R13=0x0000000000000008 is an unknown value
R14=0x00000000585b5b3f is an unknown value
R15=0x0000000056ddc3b0 is pointing into the stack for thread: 0x00000000565b2800


Stack: [0x0000000056ce0000,0x0000000056de0000],  sp=0x0000000056ddc020,  free space=1008k
Native frames: (J=compiled Java code, j=interpreted, Vv=VM code, C=native code)
V  [jvm.dll+0x48a8aa]
V  [jvm.dll+0x48af1a]
V  [jvm.dll+0x48bde4]
V  [jvm.dll+0x48c349]
V  [jvm.dll+0x48d0ca]
V  [jvm.dll+0x47457c]
V  [jvm.dll+0x476f67]
V  [jvm.dll+0x4599f2]
V  [jvm.dll+0xa5de2]
V  [jvm.dll+0xa671f]
V  [jvm.dll+0x24537f]
V  [jvm.dll+0x29cc1a]
C  [msvcr100.dll+0x21d9f]
C  [msvcr100.dll+0x21e3b]
C  [kernel32.dll+0x159cd]
C  [ntdll.dll+0x2a561]


Current CompileTask:
C2:   6832 2004       4       com.android.dx.rop.code.Rops::ropFor (771 bytes)


---------------  P R O C E S S  ---------------

Java Threads: ( => current thread )
  0x0000000056880000 JavaThread "pool-1-thread-4" [_thread_blocked, id=8164, stack(0x00000000579c0000,0x0000000057ac0000)]
  0x000000005687c000 JavaThread "pool-1-thread-3" [_thread_blocked, id=4452, stack(0x0000000057750000,0x0000000057850000)]
  0x000000005687b800 JavaThread "pool-1-thread-2" [_thread_in_Java, id=8048, stack(0x00000000573e0000,0x00000000574e0000)]
  0x000000005687a800 JavaThread "pool-2-thread-1" [_thread_blocked, id=2044, stack(0x0000000057540000,0x0000000057640000)]
  0x000000005682c800 JavaThread "pool-1-thread-1" [_thread_blocked, id=7956, stack(0x00000000572d0000,0x00000000573d0000)]
  0x000000005661c800 JavaThread "Service Thread" daemon [_thread_blocked, id=7140, stack(0x00000000570b0000,0x00000000571b0000)]
  0x00000000565b5800 JavaThread "C1 CompilerThread2" daemon [_thread_in_native, id=5172, stack(0x0000000056010000,0x0000000056110000)]
  0x00000000565b4000 JavaThread "C2 CompilerThread1" daemon [_thread_in_native, id=5820, stack(0x0000000056eb0000,0x0000000056fb0000)]
=>0x00000000565b2800 JavaThread "C2 CompilerThread0" daemon [_thread_in_native, id=7928, stack(0x0000000056ce0000,0x0000000056de0000)]
  0x0000000055001800 JavaThread "Attach Listener" daemon [_thread_blocked, id=4472, stack(0x00000000569b0000,0x0000000056ab0000)]
  0x0000000055000000 JavaThread "Signal Dispatcher" daemon [_thread_blocked, id=6520, stack(0x0000000056b60000,0x0000000056c60000)]
  0x0000000054fea000 JavaThread "Finalizer" daemon [_thread_blocked, id=4532, stack(0x00000000564b0000,0x00000000565b0000)]
  0x0000000054fa2800 JavaThread "Reference Handler" daemon [_thread_blocked, id=7888, stack(0x00000000562e0000,0x00000000563e0000)]
  0x00000000021d8000 JavaThread "main" [_thread_blocked, id=5404, stack(0x0000000002320000,0x0000000002420000)]

Other Threads:
  0x0000000054f9b000 VMThread [stack: 0x0000000056120000,0x0000000056220000] [id=5688]
  0x0000000056635800 WatcherThread [stack: 0x0000000056fb0000,0x00000000570b0000] [id=6004]

VM state:not at safepoint (normal execution)

VM Mutex/Monitor currently owned by a thread: None

Heap:
 PSYoungGen      total 71680K, used 68320K [0x00000000eab00000, 0x00000000f3700000, 0x0000000100000000)
  eden space 66560K, 94% used [0x00000000eab00000,0x00000000ee8ba0e0,0x00000000eec00000)
  from space 5120K, 99% used [0x00000000eec00000,0x00000000ef0fe2e0,0x00000000ef100000)
  to   space 5120K, 0% used [0x00000000f3200000,0x00000000f3200000,0x00000000f3700000)
 ParOldGen       total 87552K, used 15830K [0x00000000c0000000, 0x00000000c5580000, 0x00000000eab00000)
  object space 87552K, 18% used [0x00000000c0000000,0x00000000c0f75ac0,0x00000000c5580000)
 Metaspace       used 6592K, capacity 7288K, committed 7424K, reserved 1056768K
  class space    used 643K, capacity 688K, committed 768K, reserved 1048576K

Card table byte_map: [0x0000000011c20000,0x0000000011e30000] byte_map_base: 0x0000000011620000

Marking Bits: (ParMarkBitMap*) 0x000000006154c720
 Begin Bits: [0x0000000012410000, 0x0000000013410000)
 End Bits:   [0x0000000013410000, 0x0000000014410000)

Polling page: 0x0000000000330000

CodeCache: size=245760Kb used=8672Kb max_used=8672Kb free=237087Kb
 bounds [0x0000000002860000, 0x00000000030f0000, 0x0000000011860000]
 total_blobs=2231 nmethods=1960 adapters=185
 compilation: enabled

Compilation events (10 events):
Event: 5.986 Thread 0x00000000565b5800 nmethod 2014 0x00000000030a2c10 code [0x00000000030a2ea0, 0x00000000030a45b8]
Event: 6.129 Thread 0x00000000565b4000 nmethod 2007 0x00000000030a8810 code [0x00000000030a8d00, 0x00000000030ab9a0]
Event: 6.129 Thread 0x00000000565b4000 2016       4       com.android.dx.ssa.SCCP::addUsersToWorklist (103 bytes)
Event: 6.248 Thread 0x00000000565b4000 nmethod 2016 0x00000000030b4850 code [0x00000000030b4bc0, 0x00000000030b7198]
Event: 6.248 Thread 0x00000000565b4000 2010       4       com.android.dx.dex.code.RopTranslator$LocalVariableAwareTranslationVisitor::visitPlainInsn (11 bytes)
Event: 6.331 Thread 0x00000000565b4000 nmethod 2010 0x00000000030ba690 code [0x00000000030ba940, 0x00000000030bc680]
Event: 6.404 Thread 0x00000000565b4000 2017 %     4       com.android.dx.ssa.Dominators::run @ 137 (506 bytes)
Event: 6.449 Thread 0x00000000565b4000 nmethod 2017% 0x00000000030b15d0 code [0x00000000030b1820, 0x00000000030b2bd8]
Event: 6.449 Thread 0x00000000565b4000 2018       4       com.android.dx.rop.code.BasicBlockList$RegCountVisitor::visitThrowingCstInsn (6 bytes)
Event: 6.454 Thread 0x00000000565b4000 nmethod 2018 0x00000000030b0dd0 code [0x00000000030b0f20, 0x00000000030b1178]

GC Heap History (6 events):
Event: 1.813 GC heap before
{Heap before GC invocations=1 (full 0):
 PSYoungGen      total 38400K, used 33280K [0x00000000eab00000, 0x00000000ed580000, 0x0000000100000000)
  eden space 33280K, 100% used [0x00000000eab00000,0x00000000ecb80000,0x00000000ecb80000)
  from space 5120K, 0% used [0x00000000ed080000,0x00000000ed080000,0x00000000ed580000)
  to   space 5120K, 0% used [0x00000000ecb80000,0x00000000ecb80000,0x00000000ed080000)
 ParOldGen       total 87552K, used 0K [0x00000000c0000000, 0x00000000c5580000, 0x00000000eab00000)
  object space 87552K, 0% used [0x00000000c0000000,0x00000000c0000000,0x00000000c5580000)
 Metaspace       used 6074K, capacity 6936K, committed 7168K, reserved 1056768K
  class space    used 623K, capacity 656K, committed 768K, reserved 1048576K
Event: 1.843 GC heap after
Heap after GC invocations=1 (full 0):
 PSYoungGen      total 38400K, used 5115K [0x00000000eab00000, 0x00000000ef600000, 0x0000000100000000)
  eden space 33280K, 0% used [0x00000000eab00000,0x00000000eab00000,0x00000000ecb80000)
  from space 5120K, 99% used [0x00000000ecb80000,0x00000000ed07eda8,0x00000000ed080000)
  to   space 5120K, 0% used [0x00000000ef100000,0x00000000ef100000,0x00000000ef600000)
 ParOldGen       total 87552K, used 1702K [0x00000000c0000000, 0x00000000c5580000, 0x00000000eab00000)
  object space 87552K, 1% used [0x00000000c0000000,0x00000000c01a9ab0,0x00000000c5580000)
 Metaspace       used 6074K, capacity 6936K, committed 7168K, reserved 1056768K
  class space    used 623K, capacity 656K, committed 768K, reserved 1048576K
}
Event: 2.062 GC heap before
{Heap before GC invocations=2 (full 0):
 PSYoungGen      total 38400K, used 38395K [0x00000000eab00000, 0x00000000ef600000, 0x0000000100000000)
  eden space 33280K, 100% used [0x00000000eab00000,0x00000000ecb80000,0x00000000ecb80000)
  from space 5120K, 99% used [0x00000000ecb80000,0x00000000ed07eda8,0x00000000ed080000)
  to   space 5120K, 0% used [0x00000000ef100000,0x00000000ef100000,0x00000000ef600000)
 ParOldGen       total 87552K, used 1702K [0x00000000c0000000, 0x00000000c5580000, 0x00000000eab00000)
  object space 87552K, 1% used [0x00000000c0000000,0x00000000c01a9ab0,0x00000000c5580000)
 Metaspace       used 6155K, capacity 7000K, committed 7168K, reserved 1056768K
  class space    used 623K, capacity 656K, committed 768K, reserved 1048576K
Event: 2.122 GC heap after
Heap after GC invocations=2 (full 0):
 PSYoungGen      total 71680K, used 5116K [0x00000000eab00000, 0x00000000ef600000, 0x0000000100000000)
  eden space 66560K, 0% used [0x00000000eab00000,0x00000000eab00000,0x00000000eec00000)
  from space 5120K, 99% used [0x00000000ef100000,0x00000000ef5ff040,0x00000000ef600000)
  to   space 5120K, 0% used [0x00000000eec00000,0x00000000eec00000,0x00000000ef100000)
 ParOldGen       total 87552K, used 6515K [0x00000000c0000000, 0x00000000c5580000, 0x00000000eab00000)
  object space 87552K, 7% used [0x00000000c0000000,0x00000000c065ced0,0x00000000c5580000)
 Metaspace       used 6155K, capacity 7000K, committed 7168K, reserved 1056768K
  class space    used 623K, capacity 656K, committed 768K, reserved 1048576K
}
Event: 2.996 GC heap before
{Heap before GC invocations=3 (full 0):
 PSYoungGen      total 71680K, used 71676K [0x00000000eab00000, 0x00000000ef600000, 0x0000000100000000)
  eden space 66560K, 100% used [0x00000000eab00000,0x00000000eec00000,0x00000000eec00000)
  from space 5120K, 99% used [0x00000000ef100000,0x00000000ef5ff040,0x00000000ef600000)
  to   space 5120K, 0% used [0x00000000eec00000,0x00000000eec00000,0x00000000ef100000)
 ParOldGen       total 87552K, used 6515K [0x00000000c0000000, 0x00000000c5580000, 0x00000000eab00000)
  object space 87552K, 7% used [0x00000000c0000000,0x00000000c065ced0,0x00000000c5580000)
 Metaspace       used 6399K, capacity 7192K, committed 7424K, reserved 1056768K
  class space    used 624K, capacity 656K, committed 768K, reserved 1048576K
Event: 3.160 GC heap after
Heap after GC invocations=3 (full 0):
 PSYoungGen      total 71680K, used 5112K [0x00000000eab00000, 0x00000000f3700000, 0x0000000100000000)
  eden space 66560K, 0% used [0x00000000eab00000,0x00000000eab00000,0x00000000eec00000)
  from space 5120K, 99% used [0x00000000eec00000,0x00000000ef0fe2e0,0x00000000ef100000)
  to   space 5120K, 0% used [0x00000000f3200000,0x00000000f3200000,0x00000000f3700000)
 ParOldGen       total 87552K, used 15830K [0x00000000c0000000, 0x00000000c5580000, 0x00000000eab00000)
  object space 87552K, 18% used [0x00000000c0000000,0x00000000c0f75ac0,0x00000000c5580000)
 Metaspace       used 6399K, capacity 7192K, committed 7424K, reserved 1056768K
  class space    used 624K, capacity 656K, committed 768K, reserved 1048576K
}

Deoptimization events (10 events):
Event: 2.886 Thread 0x000000005687b800 Uncommon trap: reason=unstable_if action=reinterpret pc=0x0000000002d88ad0 method=com.android.dx.ssa.SCCP.simulateStmt(Lcom/android/dx/ssa/SsaInsn;)V @ 59
Event: 2.889 Thread 0x000000005687b800 Uncommon trap: reason=bimorphic action=maybe_recompile pc=0x0000000002ee3a3c method=com.android.dx.ssa.LiteralOpUpgrader.tryReplacingWithConstant(Lcom/android/dx/ssa/NormalSsaInsn;)Z @ 62
Event: 2.952 Thread 0x000000005687b800 Uncommon trap: reason=bimorphic action=maybe_recompile pc=0x0000000002f1bb2c method=com.android.dx.ssa.LiteralOpUpgrader.tryReplacingWithConstant(Lcom/android/dx/ssa/NormalSsaInsn;)Z @ 62
Event: 3.242 Thread 0x00000000021d8000 Uncommon trap: reason=unloaded action=reinterpret pc=0x0000000002c67ab8 method=com.android.dx.cf.cst.ConstantPoolParser.parse0(ILjava/util/BitSet;)Lcom/android/dx/rop/cst/Constant; @ 220
Event: 3.299 Thread 0x00000000021d8000 Uncommon trap: reason=unstable_if action=reinterpret pc=0x0000000002bc586c method=java.util.HashMap.putVal(ILjava/lang/Object;Ljava/lang/Object;ZZ)Ljava/lang/Object; @ 162
Event: 3.302 Thread 0x00000000021d8000 Uncommon trap: reason=unstable_if action=reinterpret pc=0x0000000002b0d854 method=java.util.HashMap.getNode(ILjava/lang/Object;)Ljava/util/HashMap$Node; @ 84
Event: 3.306 Thread 0x00000000021d8000 Uncommon trap: reason=unstable_if action=reinterpret pc=0x0000000002b0a8d8 method=java.util.HashMap.getNode(ILjava/lang/Object;)Ljava/util/HashMap$Node; @ 84
Event: 3.323 Thread 0x00000000021d8000 Uncommon trap: reason=unstable_if action=reinterpret pc=0x0000000002bd2a10 method=java.util.HashMap.putVal(ILjava/lang/Object;Ljava/lang/Object;ZZ)Ljava/lang/Object; @ 162
Event: 4.077 Thread 0x000000005682c800 Uncommon trap: reason=uninitialized action=reinterpret pc=0x0000000002f660c8 method=com.android.dx.cf.code.BytecodeArray.parseInstruction(ILcom/android/dx/cf/code/BytecodeArray$Visitor;)I @ 1095
Event: 4.087 Thread 0x000000005687b800 Uncommon trap: reason=unstable_if action=reinterpret pc=0x0000000002e8f340 method=java.util.HashMap.resize()[Ljava/util/HashMap$Node; @ 206

Internal exceptions (6 events):
Event: 0.039 Thread 0x00000000021d8000 Exception <a 'java/lang/NoSuchMethodError': Method sun.misc.Unsafe.defineClass(Ljava/lang/String;[BII)Ljava/lang/Class; name or signature does not match> (0x00000000eab07ca8) thrown at [C:\re\workspace\8-2-build-windows-amd64-cygwin\jdk8u131\8869\hotspot\
Event: 0.039 Thread 0x00000000021d8000 Exception <a 'java/lang/NoSuchMethodError': Method sun.misc.Unsafe.prefetchRead(Ljava/lang/Object;J)V name or signature does not match> (0x00000000eab07f90) thrown at [C:\re\workspace\8-2-build-windows-amd64-cygwin\jdk8u131\8869\hotspot\src\share\vm\prims
Event: 1.959 Thread 0x00000000021d8000 Implicit null exception at 0x0000000002bdaf12 to 0x0000000002bdafb1
Event: 3.301 Thread 0x00000000021d8000 Exception <a 'java/lang/ArrayIndexOutOfBoundsException': 18> (0x00000000ec248fe8) thrown at [C:\re\workspace\8-2-build-windows-amd64-cygwin\jdk8u131\8869\hotspot\src\share\vm\interpreter\interpreterRuntime.cpp, line 366]
Event: 3.301 Thread 0x00000000021d8000 Exception <a 'java/lang/ArrayIndexOutOfBoundsException': 145> (0x00000000ec24ab68) thrown at [C:\re\workspace\8-2-build-windows-amd64-cygwin\jdk8u131\8869\hotspot\src\share\vm\interpreter\interpreterRuntime.cpp, line 366]
Event: 3.302 Thread 0x00000000021d8000 Exception <a 'java/lang/ArrayIndexOutOfBoundsException': 40> (0x00000000ec24be50) thrown at [C:\re\workspace\8-2-build-windows-amd64-cygwin\jdk8u131\8869\hotspot\src\share\vm\interpreter\interpreterRuntime.cpp, line 366]

Events (10 events):
Event: 4.077 Thread 0x000000005682c800 DEOPT UNPACKING pc=0x00000000028a556a sp=0x00000000573ce3f0 mode 2
Event: 4.087 Thread 0x000000005687b800 Uncommon trap: trap_request=0xffffff65 fr.pc=0x0000000002e8f340
Event: 4.087 Thread 0x000000005687b800 DEOPT PACKING pc=0x0000000002e8f340 sp=0x00000000574de160
Event: 4.087 Thread 0x000000005687b800 DEOPT UNPACKING pc=0x00000000028a556a sp=0x00000000574de0c8 mode 2
Event: 4.486 Executing VM operation: EnableBiasedLocking
Event: 4.486 Executing VM operation: EnableBiasedLocking done
Event: 4.923 Thread 0x0000000056880000 DEOPT PACKING pc=0x0000000002c7f9fd sp=0x0000000057abebf0
Event: 4.923 Thread 0x0000000056880000 DEOPT UNPACKING pc=0x00000000028a71bf sp=0x0000000057abe8d0 mode 0
Event: 5.765 loading class com/android/dx/rop/code/RegisterSpec$1
Event: 5.766 loading class com/android/dx/rop/code/RegisterSpec$1 done


Dynamic libraries:
0x000000013ff00000 - 0x000000013ff37000 	C:\Program Files\Java\jdk1.8.0_131\bin\java.exe
0x00000000774d0000 - 0x000000007767a000 	C:\Windows\SYSTEM32\ntdll.dll
0x0000000076df0000 - 0x0000000076f0f000 	C:\Windows\system32\kernel32.dll
0x000007fefd9e0000 - 0x000007fefda4a000 	C:\Windows\system32\KERNELBASE.dll
0x000007fefdf90000 - 0x000007fefe06b000 	C:\Windows\system32\ADVAPI32.dll
0x000007fefe070000 - 0x000007fefe10f000 	C:\Windows\system32\msvcrt.dll
0x000007fefe3d0000 - 0x000007fefe3ef000 	C:\Windows\SYSTEM32\sechost.dll
0x000007fefe560000 - 0x000007fefe68d000 	C:\Windows\system32\RPCRT4.dll
0x00000000771c0000 - 0x00000000772ba000 	C:\Windows\system32\USER32.dll
0x000007fefdda0000 - 0x000007fefde07000 	C:\Windows\system32\GDI32.dll
0x000007fefdf80000 - 0x000007fefdf8e000 	C:\Windows\system32\LPK.dll
0x000007fefde10000 - 0x000007fefdeda000 	C:\Windows\system32\USP10.dll
0x000007fefc570000 - 0x000007fefc764000 	C:\Windows\WinSxS\amd64_microsoft.windows.common-controls_6595b64144ccf1df_6.0.7601.17514_none_fa396087175ac9ac\COMCTL32.dll
0x000007fefe140000 - 0x000007fefe1b1000 	C:\Windows\system32\SHLWAPI.dll
0x000007fefe110000 - 0x000007fefe13e000 	C:\Windows\system32\IMM32.DLL
0x000007fefe450000 - 0x000007fefe559000 	C:\Windows\system32\MSCTF.dll
0x00000000615d0000 - 0x00000000616a2000 	C:\Program Files\Java\jdk1.8.0_131\jre\bin\msvcr100.dll
0x0000000060d30000 - 0x00000000615cc000 	C:\Program Files\Java\jdk1.8.0_131\jre\bin\server\jvm.dll
0x000007fef4f10000 - 0x000007fef4f19000 	C:\Windows\system32\WSOCK32.dll
0x000007fefe800000 - 0x000007fefe84d000 	C:\Windows\system32\WS2_32.dll
0x000007fefe690000 - 0x000007fefe698000 	C:\Windows\system32\NSI.dll
0x000007fefb080000 - 0x000007fefb0bb000 	C:\Windows\system32\WINMM.dll
0x000007fefcb40000 - 0x000007fefcb4c000 	C:\Windows\system32\VERSION.dll
0x0000000077690000 - 0x0000000077697000 	C:\Windows\system32\PSAPI.DLL
0x0000000066570000 - 0x000000006657f000 	C:\Program Files\Java\jdk1.8.0_131\jre\bin\verify.dll
0x00000000645b0000 - 0x00000000645d9000 	C:\Program Files\Java\jdk1.8.0_131\jre\bin\java.dll
0x00000000645f0000 - 0x0000000064606000 	C:\Program Files\Java\jdk1.8.0_131\jre\bin\zip.dll
0x000007fefea30000 - 0x000007feff7b8000 	C:\Windows\system32\SHELL32.dll
0x000007fefe1c0000 - 0x000007fefe3c3000 	C:\Windows\system32\ole32.dll
0x000007fefd930000 - 0x000007fefd93f000 	C:\Windows\system32\profapi.dll
0x000007fef73b0000 - 0x000007fef74d5000 	C:\Windows\system32\dbghelp.dll

VM Arguments:
jvm_args: -Djava.awt.headless=true -Xmx1024M -Dfile.encoding=windows-1251 -Duser.country=RU -Duser.language=ru -Duser.variant 
java_command: com.android.dx.command.Main --dex --num-threads=4 --output D:\Upwork\Project\app\android\app\build\intermediates\pre-dexed\debug\com.facebook.android-facebook-android-sdk-4.16.1_b03bd055841faa0542ac645b11a043b57dd111e2.jar D:\Upwork\Project\app\android\app\build\intermediates\exploded-aar\com.facebook.android\facebook-android-sdk\4.16.1\jars\classes.jar
java_class_path (initial): C:\Users\markop\AppData\Local\Android\sdk\build-tools\23.0.1\lib\dx.jar
Launcher Type: SUN_STANDARD

Environment Variables:
JAVA_HOME=C:\Program Files\Java\jdk1.8.0_131
CLASSPATH=D:\Upwork\Project\app\android\\gradle\wrapper\gradle-wrapper.jar
PATH=C:\Users\markop\bin;C:\Program Files\Git\mingw64\bin;C:\Program Files\Git\usr\local\bin;C:\Program Files\Git\usr\bin;C:\Program Files\Git\usr\bin;C:\Program Files\Git\mingw64\bin;C:\Program Files\Git\usr\bin;C:\Users\markop\bin;C:\Program Files\ImageMagick-7.0.7-Q16;C:\Ruby24-x64\bin;C:\ProgramData\Oracle\Java\javapath;C:\Windows\system32;C:\Windows;C:\Windows\System32\Wbem;C:\Windows\System32\WindowsPowerShell\v1.0;C:\Program Files (x86)\Skype\Phone;C:\Program Files\nodejs;C:\Users\markop\AppData\Roaming\npm;C:\Users\markop\AppData\Local\Android\sdk\tools;C:\Users\markop\AppData\Local\Android\sdk\platform-tools;C:\openssl\bin;C:\Program Files\Git\usr\bin\vendor_perl;C:\Program Files\Git\usr\bin\core_perl
USERNAME=markop
SHELL=C:\Program Files\Git\usr\bin\bash.exe
DISPLAY=needs-to-be-defined
OS=Windows_NT
PROCESSOR_IDENTIFIER=Intel64 Family 6 Model 23 Stepping 10, GenuineIntel



---------------  S Y S T E M  ---------------

OS: Windows 7 , 64 bit Build 7601 (6.1.7601.23677)

CPU:total 4 (initial active 4) (4 cores per cpu, 1 threads per core) family 6 model 23 stepping 10, cmov, cx8, fxsr, mmx, sse, sse2, sse3, ssse3, sse4.1, tsc

Memory: 4k page, physical 8387064k(3416688k free), swap 21697204k(15217480k free)

vm_info: Java HotSpot(TM) 64-Bit Server VM (25.131-b11) for windows-amd64 JRE (1.8.0_131-b11), built on Mar 15 2017 01:23:53 by "java_re" with MS VC++ 10.0 (VS2010)

time: Fri Nov 24 14:06:24 2017
elapsed time: 6 seconds (0d 0h 0m 6s)

